<?xml version="1.0" encoding="UTF-8"?>
<!-- Generated by org.testng.reporters.JUnitReportReporter -->
<testsuite hostname="LAPTOP-B9KBO8K1" failures="0" tests="1" name="TestClasses.SummitRegitration" time="6.304" errors="0" timestamp="2024-09-28T23:34:55 IST" skipped="0">
  <testcase classname="TestClasses.SummitRegitration" name="clickOnAgendaOption" time="6.304"/>
</testsuite> <!-- TestClasses.SummitRegitration -->
