<?xml version="1.0" encoding="UTF-8"?>
<!-- Generated by org.testng.reporters.JUnitReportReporter -->
<testsuite hostname="LAPTOP-B9KBO8K1" failures="0" tests="1" name="TestClasses.ClickOnLogin" time="1.823" errors="0" timestamp="2024-10-05T18:03:26 IST" skipped="0">
  <testcase classname="TestClasses.ClickOnLogin" name="signIn" time="1.823"/>
</testsuite> <!-- TestClasses.ClickOnLogin -->
