<?xml version="1.0" encoding="UTF-8"?>
<!-- Generated by org.testng.reporters.JUnitReportReporter -->
<testsuite hostname="LAPTOP-B9KBO8K1" failures="0" tests="1" name="TestClasses.FillScheduleDemoForm" time="6.984" errors="0" timestamp="2024-09-29T01:00:43 IST" skipped="0">
  <testcase classname="TestClasses.FillScheduleDemoForm" name="fillBillPayForm" time="6.984"/>
</testsuite> <!-- TestClasses.FillScheduleDemoForm -->
